{"C:\\Users\\shrav\\OneDrive\\Desktop\\backend\\db.js": {"path":"C:\\Users\\shrav\\OneDrive\\Desktop\\backend\\db.js","statementMap":{"0":{"start":{"line":1,"column":14},"end":{"line":1,"column":31}},"1":{"start":{"line":3,"column":13},"end":{"line":12,"column":2}},"2":{"start":{"line":14,"column":0},"end":{"line":14,"column":32}}},"fnMap":{},"branchMap":{},"s":{"0":1,"1":1,"2":1},"f":{},"b":{},"_coverageSchema":"1a1c01bbd47fc00a2c39e90264f33305004495a9","hash":"8ef09a63d584b5c4184b72a3ce55389044a8c903"}
}
